Using pre-set license
Built from '2020.3/release' branch; Version is '2020.3.1f1 (77a89f25062f) revision 7841951'; Using compiler version '192528614'; Build Type 'Release'
OS: 'Windows 10 Pro; OS build 19043.1348; Version 2009; 64bit' Language: 'en' Physical Memory: 16332 MB
BatchMode: 1, IsHumanControllingUs: 0, StartBugReporterOnCrash: 0, Is64bit: 1, IsPro: 0

 COMMAND LINE ARGUMENTS:
C:\Program Files\Unity\Editor\Unity.exe
-adb2
-batchMode
-noUpm
-name
AssetImportWorker0
-projectPath
C:/Users/PC/Documents/GitHub/Unity_final_project/Final_project
-logFile
Logs/AssetImportWorker0.log
-srvPort
56397
Successfully changed project path to: C:/Users/PC/Documents/GitHub/Unity_final_project/Final_project
C:/Users/PC/Documents/GitHub/Unity_final_project/Final_project
Using Asset Import Pipeline V2.
Refreshing native plugins compatible for Editor in 30.92 ms, found 0 plugins.
Preloading 0 native plugins for Editor in 0.00 ms.
Initialize engine version: 2020.3.1f1 (77a89f25062f)
[Subsystems] Discovering subsystems at path C:/Program Files/Unity/Editor/Data/Resources/UnitySubsystems
[Subsystems] Discovering subsystems at path C:/Users/PC/Documents/GitHub/Unity_final_project/Final_project/Assets
GfxDevice: creating device client; threaded=0
Direct3D:
    Version:  Direct3D 11.0 [level 11.1]
    Renderer: NVIDIA GeForce GTX 980 Ti (ID=0x17c8)
    Vendor:   
    VRAM:     6097 MB
    Driver:   30.0.14.9729
Initialize mono
Mono path[0] = 'C:/Program Files/Unity/Editor/Data/Managed'
Mono path[1] = 'C:/Program Files/Unity/Editor/Data/MonoBleedingEdge/lib/mono/unityjit'
Mono config path = 'C:/Program Files/Unity/Editor/Data/MonoBleedingEdge/etc'
Using monoOptions --debugger-agent=transport=dt_socket,embedding=1,server=y,suspend=n,address=127.0.0.1:56800
Begin MonoManager ReloadAssembly
Registering precompiled unity dll's ...
Register platform support module: C:/Program Files/Unity/Editor/Data/PlaybackEngines/WindowsStandaloneSupport/UnityEditor.WindowsStandalone.Extensions.dll
Registered in 0.001687 seconds.
Native extension for WindowsStandalone target not found
Refreshing native plugins compatible for Editor in 30.83 ms, found 0 plugins.
Preloading 0 native plugins for Editor in 0.00 ms.
Invoked RoslynAnalysisRunner static constructor.
RoslynAnalysisRunner will not be running.
RoslynAnalysisRunner has terminated.
Mono: successfully reloaded assembly
- Completed reload, in  0.858 seconds
Platform modules already initialized, skipping
Registering precompiled user dll's ...
Registered in 0.000994 seconds.
Begin MonoManager ReloadAssembly
Native extension for WindowsStandalone target not found
Refreshing native plugins compatible for Editor in 0.34 ms, found 0 plugins.
Preloading 0 native plugins for Editor in 0.00 ms.
Invoked RoslynAnalysisRunner static constructor.
RoslynAnalysisRunner will not be running.
RoslynAnalysisRunner has terminated.
Mono: successfully reloaded assembly
- Completed reload, in  0.700 seconds
Platform modules already initialized, skipping
========================================================================
Worker process is ready to serve import requests
Launched and connected shader compiler UnityShaderCompiler.exe after 0.04 seconds
Refreshing native plugins compatible for Editor in 0.48 ms, found 0 plugins.
Preloading 0 native plugins for Editor in 0.00 ms.
Unloading 1248 Unused Serialized files (Serialized files now loaded: 0)
System memory in use before: 76.6 MB.
System memory in use after: 76.4 MB.

Unloading 13 unused Assets to reduce memory usage. Loaded Objects now: 1706.
Total: 1.872400 ms (FindLiveObjects: 0.161500 ms CreateObjectMapping: 0.031700 ms MarkObjects: 1.382700 ms  DeleteObjects: 0.295100 ms)

========================================================================
Received Import Request.
  path: Assets/Prefabs/FireLauncher.prefab
  artifactKey: Guid(dfe04777924210c47a319de590fc3b22) Importer(815301076,1909f56bfc062723c751e8b465ee728b)
Start importing Assets/Prefabs/FireLauncher.prefab using Guid(dfe04777924210c47a319de590fc3b22) Importer(815301076,1909f56bfc062723c751e8b465ee728b)  -> (artifact id: 'fafeb820415ce29001a4b346db3a89be') in 0.124570 seconds
  Import took 0.127515 seconds .

========================================================================
Received Import Request.
  Time since last request: 0.000169 seconds.
  path: Assets/Prefabs/Player.prefab
  artifactKey: Guid(81ef703c924f8f041bd4cfaa073968ac) Importer(815301076,1909f56bfc062723c751e8b465ee728b)
Start importing Assets/Prefabs/Player.prefab using Guid(81ef703c924f8f041bd4cfaa073968ac) Importer(815301076,1909f56bfc062723c751e8b465ee728b)  -> (artifact id: '58e281af03fe4ba5df9edda7d4d245df') in 0.087287 seconds
  Import took 0.092211 seconds .

========================================================================
Received Import Request.
  Time since last request: 108.445883 seconds.
  path: Assets/Scripts/Weapons/FireGrenadeLauncher.cs
  artifactKey: Guid(362b4b347e63f7f458b2ab4178837400) Importer(815301076,1909f56bfc062723c751e8b465ee728b)
Start importing Assets/Scripts/Weapons/FireGrenadeLauncher.cs using Guid(362b4b347e63f7f458b2ab4178837400) Importer(815301076,1909f56bfc062723c751e8b465ee728b)  -> (artifact id: '4bcc6866471ca0e3c190357f8e05a899') in 0.021204 seconds
  Import took 0.023303 seconds .

========================================================================
Received Import Request.
  Time since last request: 0.954959 seconds.
  path: Assets/Scripts/Weapons/FireGrenade.cs
  artifactKey: Guid(d3868b65eeceb234c8871d01cb0c20f6) Importer(815301076,1909f56bfc062723c751e8b465ee728b)
Start importing Assets/Scripts/Weapons/FireGrenade.cs using Guid(d3868b65eeceb234c8871d01cb0c20f6) Importer(815301076,1909f56bfc062723c751e8b465ee728b)  -> (artifact id: '1630019db34c88a2e517849316558f50') in 0.011438 seconds
  Import took 0.013476 seconds .

========================================================================
Received Prepare
Registering precompiled user dll's ...
Registered in 0.001025 seconds.
Begin MonoManager ReloadAssembly
Native extension for WindowsStandalone target not found
Refreshing native plugins compatible for Editor in 0.36 ms, found 0 plugins.
Preloading 0 native plugins for Editor in 0.00 ms.
Invoked RoslynAnalysisRunner static constructor.
RoslynAnalysisRunner will not be running.
RoslynAnalysisRunner has terminated.
Mono: successfully reloaded assembly
- Completed reload, in  0.641 seconds
Platform modules already initialized, skipping
Refreshing native plugins compatible for Editor in 0.34 ms, found 0 plugins.
Preloading 0 native plugins for Editor in 0.00 ms.
Unloading 1213 Unused Serialized files (Serialized files now loaded: 0)
System memory in use before: 77.8 MB.
System memory in use after: 77.5 MB.

Unloading 8 unused Assets to reduce memory usage. Loaded Objects now: 1720.
Total: 1.723800 ms (FindLiveObjects: 0.174800 ms CreateObjectMapping: 0.028900 ms MarkObjects: 1.243400 ms  DeleteObjects: 0.276100 ms)

========================================================================
Received Import Request.
  Time since last request: 168.896961 seconds.
  path: Assets/Scripts/Weapons/FireGrenade.cs
  artifactKey: Guid(d3868b65eeceb234c8871d01cb0c20f6) Importer(815301076,1909f56bfc062723c751e8b465ee728b)
Start importing Assets/Scripts/Weapons/FireGrenade.cs using Guid(d3868b65eeceb234c8871d01cb0c20f6) Importer(815301076,1909f56bfc062723c751e8b465ee728b)  -> (artifact id: 'b042309ca75ae1d0bc447c4dab867802') in 0.005647 seconds
  Import took 0.007792 seconds .

========================================================================
Received Import Request.
  Time since last request: 10.317164 seconds.
  path: Assets/Scenes
  artifactKey: Guid(54018c70af2527140a485e06ce8121b8) Importer(815301076,1909f56bfc062723c751e8b465ee728b)
Start importing Assets/Scenes using Guid(54018c70af2527140a485e06ce8121b8) Importer(815301076,1909f56bfc062723c751e8b465ee728b)  -> (artifact id: 'aab1ff93cc41fcead821d9c298278f8d') in 0.007002 seconds
  Import took 0.009190 seconds .

========================================================================
Received Prepare
Registering precompiled user dll's ...
Registered in 0.001028 seconds.
Begin MonoManager ReloadAssembly
Native extension for WindowsStandalone target not found
Refreshing native plugins compatible for Editor in 0.30 ms, found 0 plugins.
Preloading 0 native plugins for Editor in 0.00 ms.
Invoked RoslynAnalysisRunner static constructor.
RoslynAnalysisRunner will not be running.
RoslynAnalysisRunner has terminated.
Mono: successfully reloaded assembly
- Completed reload, in  0.671 seconds
Platform modules already initialized, skipping
Refreshing native plugins compatible for Editor in 0.30 ms, found 0 plugins.
Preloading 0 native plugins for Editor in 0.00 ms.
Unloading 1213 Unused Serialized files (Serialized files now loaded: 0)
System memory in use before: 77.8 MB.
System memory in use after: 77.6 MB.

Unloading 8 unused Assets to reduce memory usage. Loaded Objects now: 1723.
Total: 1.766900 ms (FindLiveObjects: 0.179700 ms CreateObjectMapping: 0.030000 ms MarkObjects: 1.240100 ms  DeleteObjects: 0.315600 ms)

========================================================================
Received Import Request.
  Time since last request: 11.005632 seconds.
  path: Assets/Assets/EffectExamples/FireExplosionEffects/Prefabs/FlamesParticleEffect.prefab
  artifactKey: Guid(3228a22491941734bb83ad691d17fcb9) Importer(815301076,1909f56bfc062723c751e8b465ee728b)
Start importing Assets/Assets/EffectExamples/FireExplosionEffects/Prefabs/FlamesParticleEffect.prefab using Guid(3228a22491941734bb83ad691d17fcb9) Importer(815301076,1909f56bfc062723c751e8b465ee728b)  -> (artifact id: 'aec47185886772b1b62144b359c1d2af') in 0.027795 seconds
  Import took 0.030428 seconds .

========================================================================
Received Import Request.
  Time since last request: 21.242566 seconds.
  path: Assets/Assets/EffectExamples/FireExplosionEffects/Prefabs/FlamesParticleEffect.prefab
  artifactKey: Guid(3228a22491941734bb83ad691d17fcb9) Importer(815301076,1909f56bfc062723c751e8b465ee728b)
Start importing Assets/Assets/EffectExamples/FireExplosionEffects/Prefabs/FlamesParticleEffect.prefab using Guid(3228a22491941734bb83ad691d17fcb9) Importer(815301076,1909f56bfc062723c751e8b465ee728b)  -> (artifact id: '3d460b9fac11eb64e69467425c246c6e') in 0.004643 seconds
  Import took 0.006721 seconds .

